{
  "RSpec": {
    "coverage": {
      "/Users/bradleylindgren/dbc/phase-3/bmffl/app/helpers/application_helper.rb": [
        1,
        null
      ],
      "/Users/bradleylindgren/dbc/phase-3/bmffl/app/models/game.rb": [
        1,
        1,
        1,
        1,
        1,
        1,
        1,
        null,
        1,
        null,
        1,
        49,
        16,
        33,
        33,
        null,
        null,
        null,
        null,
        null,
        1,
        9,
        4,
        5,
        5,
        null,
        null,
        null,
        null,
        null,
        1,
        25,
        null,
        null,
        null
      ],
      "/Users/bradleylindgren/dbc/phase-3/bmffl/app/models/application_record.rb": [
        1,
        1,
        null
      ],
      "/Users/bradleylindgren/dbc/phase-3/bmffl/app/models/league.rb": [
        1,
        1,
        1,
        1,
        1,
        1,
        null,
        1,
        null,
        1,
        0,
        0,
        0,
        0,
        0,
        0,
        null,
        0,
        null,
        0,
        null,
        null,
        1,
        0,
        null,
        null,
        1,
        0,
        0,
        0,
        null,
        null,
        1,
        0,
        0,
        0,
        null,
        null
      ],
      "/Users/bradleylindgren/dbc/phase-3/bmffl/app/models/owner.rb": [
        1,
        null,
        1,
        1,
        1,
        1,
        1,
        1,
        1,
        null,
        1,
        null,
        1,
        2,
        2,
        null,
        2,
        12,
        0,
        0,
        null,
        8,
        8,
        null,
        4,
        4,
        null,
        null,
        2,
        null,
        null,
        1,
        1,
        1,
        null,
        null,
        1,
        1,
        3,
        1,
        null,
        null,
        null,
        null,
        null,
        null,
        null,
        null
      ],
      "/Users/bradleylindgren/dbc/phase-3/bmffl/lib/games_module.rb": [
        1,
        1,
        6,
        null,
        null,
        1,
        6,
        null,
        6,
        null,
        0,
        null,
        0,
        null,
        0,
        null,
        0,
        null,
        null,
        null
      ],
      "/Users/bradleylindgren/dbc/phase-3/bmffl/app/models/season.rb": [
        1,
        1,
        1,
        1,
        1,
        null,
        1,
        null,
        1,
        0,
        null,
        null,
        1,
        0,
        0,
        null,
        0,
        0,
        null,
        0,
        null,
        null,
        1,
        0,
        0,
        null,
        null
      ],
      "/Users/bradleylindgren/dbc/phase-3/bmffl/app/models/team.rb": [
        1,
        null,
        1,
        1,
        1,
        1,
        1,
        1,
        1,
        null,
        1,
        null,
        1,
        4,
        4,
        null,
        4,
        12,
        0,
        0,
        null,
        8,
        8,
        null,
        4,
        4,
        null,
        null,
        4,
        null,
        null,
        1,
        3,
        3,
        null,
        null
      ],
      "/Users/bradleylindgren/dbc/phase-3/bmffl/app/channels/application_cable/channel.rb": [
        0,
        0,
        0,
        0,
        0
      ],
      "/Users/bradleylindgren/dbc/phase-3/bmffl/app/channels/application_cable/connection.rb": [
        0,
        0,
        0,
        0,
        0
      ],
      "/Users/bradleylindgren/dbc/phase-3/bmffl/app/controllers/application_controller.rb": [
        0,
        0,
        0,
        0,
        0
      ],
      "/Users/bradleylindgren/dbc/phase-3/bmffl/app/jobs/application_job.rb": [
        0,
        0
      ],
      "/Users/bradleylindgren/dbc/phase-3/bmffl/app/mailers/application_mailer.rb": [
        0,
        0,
        0,
        0
      ]
    },
    "timestamp": 1466799371
  }
}
