{
  "RSpec": {
    "coverage": {
      "/Users/bradleylindgren/dbc/phase-3/bmffl/app/helpers/bowerytimes_helper.rb": [
        1,
        null
      ],
      "/Users/bradleylindgren/dbc/phase-3/bmffl/app/helpers/records_helper.rb": [
        1,
        null
      ],
      "/Users/bradleylindgren/dbc/phase-3/bmffl/app/helpers/session_helper.rb": [
        1,
        null
      ],
      "/Users/bradleylindgren/dbc/phase-3/bmffl/app/helpers/users_helper.rb": [
        1,
        null
      ],
      "/Users/bradleylindgren/dbc/phase-3/bmffl/app/helpers/votes_helper.rb": [
        1,
        null
      ],
      "/Users/bradleylindgren/dbc/phase-3/bmffl/app/controllers/bowerytimes_controller.rb": [
        1,
        1,
        0,
        null,
        null
      ],
      "/Users/bradleylindgren/dbc/phase-3/bmffl/app/controllers/application_controller.rb": [
        1,
        null,
        null,
        1,
        null,
        1,
        null,
        1,
        0,
        null,
        null,
        null,
        1,
        0,
        null,
        null,
        1,
        0,
        null,
        null,
        1,
        0,
        null,
        null,
        null
      ],
      "/Users/bradleylindgren/dbc/phase-3/bmffl/app/controllers/leagues_controller.rb": [
        1,
        null,
        1,
        0,
        0,
        0,
        null,
        null,
        null,
        null,
        null
      ],
      "/Users/bradleylindgren/dbc/phase-3/bmffl/app/controllers/owners_controller.rb": [
        1,
        null,
        1,
        0,
        0,
        0,
        null,
        null
      ],
      "/Users/bradleylindgren/dbc/phase-3/bmffl/app/controllers/records_controller.rb": [
        1,
        1,
        0,
        null,
        null
      ],
      "/Users/bradleylindgren/dbc/phase-3/bmffl/app/controllers/seasons_controller.rb": [
        1,
        null,
        1,
        0,
        0,
        0,
        0,
        0,
        null,
        0,
        0,
        null,
        null,
        null,
        null,
        null
      ],
      "/Users/bradleylindgren/dbc/phase-3/bmffl/app/controllers/session_controller.rb": [
        1,
        1,
        0,
        null,
        null,
        1,
        0,
        0,
        0,
        0,
        0,
        null,
        0,
        null,
        null,
        null,
        1,
        0,
        0,
        null,
        null
      ],
      "/Users/bradleylindgren/dbc/phase-3/bmffl/app/controllers/teams_controller.rb": [
        1,
        1,
        1,
        null,
        null,
        1,
        0,
        0,
        0,
        null,
        null
      ],
      "/Users/bradleylindgren/dbc/phase-3/bmffl/app/controllers/users_controller.rb": [
        1,
        1,
        0,
        null,
        null,
        1,
        0,
        0,
        0,
        0,
        null,
        0,
        null,
        null,
        null,
        1,
        0,
        0,
        null,
        null,
        null,
        1,
        null,
        1,
        0,
        null,
        null
      ],
      "/Users/bradleylindgren/dbc/phase-3/bmffl/app/controllers/votes_controller.rb": [
        1,
        1,
        0,
        0,
        0,
        0,
        null,
        0,
        null,
        null,
        null,
        1,
        null,
        1,
        0,
        null,
        null,
        null
      ],
      "/Users/bradleylindgren/dbc/phase-3/bmffl/app/models/bowerytimes.rb": [
        1,
        null
      ],
      "/Users/bradleylindgren/dbc/phase-3/bmffl/app/models/application_record.rb": [
        1,
        1,
        null
      ],
      "/Users/bradleylindgren/dbc/phase-3/bmffl/app/models/game.rb": [
        1,
        1,
        1,
        1,
        1,
        1,
        1,
        null,
        1,
        null,
        1,
        256,
        137,
        119,
        119,
        null,
        null,
        null,
        null,
        null,
        1,
        63,
        27,
        36,
        36,
        null,
        null,
        null,
        null,
        null,
        1,
        128,
        null,
        null,
        null
      ],
      "/Users/bradleylindgren/dbc/phase-3/bmffl/app/models/league.rb": [
        1,
        1,
        1,
        3,
        1,
        1,
        null,
        1,
        null,
        1,
        1,
        1,
        5,
        5,
        8,
        8,
        null,
        5,
        null,
        1,
        null,
        null,
        1,
        9,
        null,
        null,
        1,
        1,
        9,
        1,
        null,
        null,
        1,
        1,
        9,
        1,
        null,
        null
      ],
      "/Users/bradleylindgren/dbc/phase-3/bmffl/app/models/owner.rb": [
        1,
        null,
        1,
        1,
        1,
        1,
        1,
        1,
        1,
        null,
        1,
        null,
        1,
        19,
        19,
        null,
        19,
        63,
        0,
        0,
        null,
        32,
        32,
        null,
        31,
        31,
        null,
        null,
        19,
        null,
        null,
        1,
        18,
        18,
        null,
        null,
        1,
        1,
        3,
        1,
        null,
        null,
        null,
        null,
        null,
        null,
        null,
        null,
        null,
        null,
        null
      ],
      "/Users/bradleylindgren/dbc/phase-3/bmffl/lib/games_module.rb": [
        1,
        1,
        43,
        null,
        null,
        1,
        43,
        null,
        170,
        null,
        0,
        null,
        0,
        null,
        0,
        null,
        0,
        null,
        null,
        null
      ],
      "/Users/bradleylindgren/dbc/phase-3/bmffl/app/models/season.rb": [
        1,
        1,
        1,
        1,
        1,
        null,
        1,
        null,
        null,
        1,
        9,
        null,
        null,
        1,
        5,
        1,
        null,
        5,
        1,
        null,
        1,
        null,
        null,
        1,
        7,
        1,
        null,
        null,
        1,
        null,
        null,
        null
      ],
      "/Users/bradleylindgren/dbc/phase-3/bmffl/app/models/team.rb": [
        1,
        null,
        1,
        1,
        1,
        1,
        1,
        1,
        1,
        null,
        1,
        null,
        1,
        24,
        24,
        null,
        24,
        64,
        0,
        0,
        null,
        33,
        33,
        null,
        31,
        31,
        null,
        null,
        24,
        null,
        null,
        1,
        15,
        15,
        null,
        null
      ],
      "/Users/bradleylindgren/dbc/phase-3/bmffl/app/channels/application_cable/channel.rb": [
        0,
        0,
        0,
        0,
        0
      ],
      "/Users/bradleylindgren/dbc/phase-3/bmffl/app/channels/application_cable/connection.rb": [
        0,
        0,
        0,
        0,
        0
      ],
      "/Users/bradleylindgren/dbc/phase-3/bmffl/app/jobs/application_job.rb": [
        0,
        0
      ],
      "/Users/bradleylindgren/dbc/phase-3/bmffl/app/mailers/application_mailer.rb": [
        0,
        0,
        0,
        0
      ],
      "/Users/bradleylindgren/dbc/phase-3/bmffl/app/models/record.rb": [
        0,
        0,
        0,
        0,
        0,
        0
      ],
      "/Users/bradleylindgren/dbc/phase-3/bmffl/app/models/user.rb": [
        0,
        0,
        0,
        0,
        0,
        0,
        0
      ],
      "/Users/bradleylindgren/dbc/phase-3/bmffl/app/models/vote.rb": [
        0,
        0,
        0,
        0,
        0,
        0,
        0
      ]
    },
    "timestamp": 1468952746
  }
}
